<?xml version="1.0" encoding="UTF-8"?>
<coverage generated="1667809596836" clover="3.2.0">
  <project timestamp="1667809596836" name="All files">
    <metrics statements="20" coveredstatements="19" conditionals="29" coveredconditionals="16" methods="6" coveredmethods="6" elements="55" coveredelements="41" complexity="0" loc="20" ncloc="20" packages="1" files="1" classes="1"/>
    <file name="Add.ts" path="/Users/edaakturk/Desktop/Mina-Project/new-test/src/Add.ts">
      <metrics statements="20" coveredstatements="19" conditionals="29" coveredconditionals="16" methods="6" coveredmethods="6"/>
      <line num="1" count="1" type="cond" truecount="2" falsecount="1"/>
      <line num="2" count="3" type="cond" truecount="3" falsecount="1"/>
      <line num="3" count="3" type="cond" truecount="3" falsecount="1"/>
      <line num="4" count="0" type="cond" truecount="0" falsecount="8"/>
      <line num="5" count="3" type="cond" truecount="3" falsecount="0"/>
      <line num="7" count="1" type="cond" truecount="2" falsecount="1"/>
      <line num="8" count="7" type="cond" truecount="3" falsecount="1"/>
      <line num="22" count="2" type="stmt"/>
      <line num="23" count="2" type="stmt"/>
      <line num="26" count="4" type="stmt"/>
      <line num="27" count="4" type="stmt"/>
      <line num="33" count="4" type="stmt"/>
      <line num="36" count="2" type="stmt"/>
      <line num="37" count="2" type="stmt"/>
      <line num="38" count="2" type="stmt"/>
      <line num="39" count="2" type="stmt"/>
      <line num="40" count="2" type="stmt"/>
      <line num="43" count="1" type="stmt"/>
      <line num="47" count="1" type="stmt"/>
      <line num="53" count="1" type="stmt"/>
    </file>
  </project>
</coverage>
