{"/Users/edaakturk/Desktop/Mina-Project/new-test/src/Add.ts": {"path":"/Users/edaakturk/Desktop/Mina-Project/new-test/src/Add.ts","statementMap":{"0":{"start":{"line":1,"column":17},"end":{"line":6,"column":1}},"1":{"start":{"line":2,"column":12},"end":{"line":2,"column":28}},"2":{"start":{"line":2,"column":34},"end":{"line":2,"column":125}},"3":{"start":{"line":3,"column":4},"end":{"line":4,"column":150}},"4":{"start":{"line":3,"column":79},"end":{"line":3,"column":131}},"5":{"start":{"line":4,"column":9},"end":{"line":4,"column":150}},"6":{"start":{"line":4,"column":22},"end":{"line":4,"column":43}},"7":{"start":{"line":4,"column":58},"end":{"line":4,"column":150}},"8":{"start":{"line":4,"column":81},"end":{"line":4,"column":150}},"9":{"start":{"line":5,"column":4},"end":{"line":5,"column":66}},"10":{"start":{"line":7,"column":17},"end":{"line":9,"column":1}},"11":{"start":{"line":8,"column":4},"end":{"line":8,"column":109}},"12":{"start":{"line":8,"column":79},"end":{"line":8,"column":109}},"13":{"start":{"line":22,"column":8},"end":{"line":22,"column":28}},"14":{"start":{"line":23,"column":8},"end":{"line":23,"column":27}},"15":{"start":{"line":26,"column":8},"end":{"line":26,"column":27}},"16":{"start":{"line":27,"column":8},"end":{"line":30,"column":11}},"17":{"start":{"line":33,"column":8},"end":{"line":33,"column":31}},"18":{"start":{"line":36,"column":29},"end":{"line":36,"column":43}},"19":{"start":{"line":37,"column":8},"end":{"line":37,"column":44}},"20":{"start":{"line":38,"column":25},"end":{"line":38,"column":44}},"21":{"start":{"line":39,"column":8},"end":{"line":39,"column":51}},"22":{"start":{"line":40,"column":8},"end":{"line":40,"column":31}},"23":{"start":{"line":43,"column":0},"end":{"line":46,"column":33}},"24":{"start":{"line":47,"column":0},"end":{"line":52,"column":32}},"25":{"start":{"line":53,"column":0},"end":{"line":58,"column":34}}},"fnMap":{"0":{"name":"(anonymous_0)","decl":{"start":{"line":1,"column":46},"end":{"line":1,"column":47}},"loc":{"start":{"line":1,"column":87},"end":{"line":6,"column":1}},"line":1},"1":{"name":"(anonymous_1)","decl":{"start":{"line":7,"column":46},"end":{"line":7,"column":47}},"loc":{"start":{"line":7,"column":62},"end":{"line":9,"column":1}},"line":7},"2":{"name":"(anonymous_2)","decl":{"start":{"line":21,"column":4},"end":{"line":21,"column":5}},"loc":{"start":{"line":21,"column":18},"end":{"line":24,"column":5}},"line":21},"3":{"name":"(anonymous_3)","decl":{"start":{"line":25,"column":4},"end":{"line":25,"column":5}},"loc":{"start":{"line":25,"column":17},"end":{"line":31,"column":5}},"line":25},"4":{"name":"(anonymous_4)","decl":{"start":{"line":32,"column":4},"end":{"line":32,"column":5}},"loc":{"start":{"line":32,"column":11},"end":{"line":34,"column":5}},"line":32},"5":{"name":"(anonymous_5)","decl":{"start":{"line":35,"column":4},"end":{"line":35,"column":5}},"loc":{"start":{"line":35,"column":13},"end":{"line":41,"column":5}},"line":35}},"branchMap":{"0":{"loc":{"start":{"line":1,"column":17},"end":{"line":6,"column":1}},"type":"binary-expr","locations":[{"start":{"line":1,"column":18},"end":{"line":1,"column":22}},{"start":{"line":1,"column":26},"end":{"line":1,"column":41}},{"start":{"line":1,"column":46},"end":{"line":6,"column":1}}],"line":1},"1":{"loc":{"start":{"line":2,"column":34},"end":{"line":2,"column":125}},"type":"cond-expr","locations":[{"start":{"line":2,"column":42},"end":{"line":2,"column":48}},{"start":{"line":2,"column":51},"end":{"line":2,"column":125}}],"line":2},"2":{"loc":{"start":{"line":2,"column":51},"end":{"line":2,"column":125}},"type":"cond-expr","locations":[{"start":{"line":2,"column":67},"end":{"line":2,"column":118}},{"start":{"line":2,"column":121},"end":{"line":2,"column":125}}],"line":2},"3":{"loc":{"start":{"line":3,"column":4},"end":{"line":4,"column":150}},"type":"if","locations":[{"start":{"line":3,"column":4},"end":{"line":4,"column":150}},{"start":{"line":4,"column":9},"end":{"line":4,"column":150}}],"line":3},"4":{"loc":{"start":{"line":3,"column":8},"end":{"line":3,"column":77}},"type":"binary-expr","locations":[{"start":{"line":3,"column":8},"end":{"line":3,"column":35}},{"start":{"line":3,"column":39},"end":{"line":3,"column":77}}],"line":3},"5":{"loc":{"start":{"line":4,"column":58},"end":{"line":4,"column":150}},"type":"if","locations":[{"start":{"line":4,"column":58},"end":{"line":4,"column":150}},{"start":{},"end":{}}],"line":4},"6":{"loc":{"start":{"line":4,"column":85},"end":{"line":4,"column":149}},"type":"binary-expr","locations":[{"start":{"line":4,"column":86},"end":{"line":4,"column":143}},{"start":{"line":4,"column":148},"end":{"line":4,"column":149}}],"line":4},"7":{"loc":{"start":{"line":4,"column":86},"end":{"line":4,"column":143}},"type":"cond-expr","locations":[{"start":{"line":4,"column":94},"end":{"line":4,"column":98}},{"start":{"line":4,"column":101},"end":{"line":4,"column":143}}],"line":4},"8":{"loc":{"start":{"line":4,"column":101},"end":{"line":4,"column":143}},"type":"cond-expr","locations":[{"start":{"line":4,"column":109},"end":{"line":4,"column":126}},{"start":{"line":4,"column":129},"end":{"line":4,"column":143}}],"line":4},"9":{"loc":{"start":{"line":5,"column":11},"end":{"line":5,"column":62}},"type":"binary-expr","locations":[{"start":{"line":5,"column":11},"end":{"line":5,"column":16}},{"start":{"line":5,"column":20},"end":{"line":5,"column":21}},{"start":{"line":5,"column":25},"end":{"line":5,"column":62}}],"line":5},"10":{"loc":{"start":{"line":7,"column":17},"end":{"line":9,"column":1}},"type":"binary-expr","locations":[{"start":{"line":7,"column":18},"end":{"line":7,"column":22}},{"start":{"line":7,"column":26},"end":{"line":7,"column":41}},{"start":{"line":7,"column":46},"end":{"line":9,"column":1}}],"line":7},"11":{"loc":{"start":{"line":8,"column":4},"end":{"line":8,"column":109}},"type":"if","locations":[{"start":{"line":8,"column":4},"end":{"line":8,"column":109}},{"start":{},"end":{}}],"line":8},"12":{"loc":{"start":{"line":8,"column":8},"end":{"line":8,"column":77}},"type":"binary-expr","locations":[{"start":{"line":8,"column":8},"end":{"line":8,"column":35}},{"start":{"line":8,"column":39},"end":{"line":8,"column":77}}],"line":8}},"s":{"0":1,"1":3,"2":3,"3":3,"4":3,"5":0,"6":0,"7":0,"8":0,"9":3,"10":1,"11":7,"12":7,"13":2,"14":2,"15":4,"16":4,"17":4,"18":2,"19":2,"20":2,"21":2,"22":2,"23":1,"24":1,"25":1},"f":{"0":3,"1":7,"2":2,"3":4,"4":4,"5":2},"b":{"0":[1,0,1],"1":[0,3],"2":[2,1],"3":[3,0],"4":[3,3],"5":[0,0],"6":[0,0],"7":[0,0],"8":[0,0],"9":[3,3,2],"10":[1,0,1],"11":[7,0],"12":[7,7]},"inputSourceMap":null,"_coverageSchema":"1a1c01bbd47fc00a2c39e90264f33305004495a9","hash":"7d25dec9bfef0c2a26abfd220b1bd3c3a63faeeb"}
}
